Parsing and Instantiating...
Done
One way facts...
Mutex groups...
Semaphore Facts...
Envelope Facts...
One-shot actions...
(u_goal_action_1_2--q1--q2_131) is 1 shot
(u_goal_action_1_2--q1--q2_141) is 1 shot
(u_goal_action_1_2--q1--q2_151) is 1 shot
(u_goal_action_1_2--q1--q2_121) is 1 shot
(u_goal_action_1_2--q1--q2_141) is 1 shot
(u_goal_action_1_3--q1--q3_121) is 1 shot
(u_goal_action_1_3--q1--q3_141) is 1 shot
(u_goal_action_4_2--q4--q2_121) is 1 shot
(u_goal_action_4_2--q4--q2_141) is 1 shot
(u_goal_action_4_3--q4--q3_121) is 1 shot
(u_goal_action_4_3--q4--q3_141) is 1 shot
Integral variables...
Variable bounds...
Static numeric conditions...
Duration bounds...
TIL time window analysis...
Bounding action timestamps due to time windows...
Dominance constraints (excluding processes and events)...
Damaging events...
Dominance constraints (including processes and events)...
Variable monotonicity...
Max/min needed values for any single precondition...
Irrelevant action pruning by backward reachability from goal...
Uninterestingness criteria...
Compression-safe actions...
Compression-safe invariants...
50% of durative actions in this problem are compression safe
Goal Goal [5]
    (p1)
    (u_goal_q1_q3)
    (u_goal_q1_q2)
    (u_goal_q2_q4)
    (u_goal_q3_q4)

Finishing preprocessing.  Making a TRPG heuristic...
Making an open list...
Running WA* search (g weight = 1, h weight = 5)
{(located_at_1_q1),(located_at_2_q2),(located_at_3_q3),(located_at_4_q4),(not_u_goal_q1_q2),(not_u_goal_q1_q3),(not_u_goal_q1_q4),(not_u_goal_q2_q1),(not_u_goal_q2_q3),(not_u_goal_q2_q4),(not_u_goal_q3_q1),(not_u_goal_q3_q2),(not_u_goal_q3_q4),(not_u_goal_q4_q1),(not_u_goal_q4_q2),(not_u_goal_q4_q3),(p1_0),(pnot1_1),(pnot1_2),(pnot1_3),(pnot1_4),(pnot1_5),(pnot1_6),(pnot1_7),(pnot1_8),(pnot1)}
[]
Initial heuristic = 9
Initial stats: t=0s, 6808kb
b (8 @ n=6, t=0.01s, 6808kb)b (7 @ n=9, t=0.01s, 6808kb)b (6 @ n=13, t=0.01s, 6808kb)b (5 @ n=19, t=0.01s, 6808kb)b (4 @ n=23, t=0.01s, 6808kb)b (3 @ n=29, t=0.01s, 6808kb)b (2 @ n=32, t=0.01s, 6808kb)b (1 @ n=37, t=0.01s, 6808kb)
;;;; Solution Found
; Time 0.01
; Peak memory 6808kb
; Nodes Generated: 38
; Nodes Expanded:  8
; Nodes Evaluated: 38
; Nodes Tunneled:  0
; Nodes memoised with open actions: 18
; Nodes memoised without open actions: 20
; Nodes pruned by memoisation: 0
0.005: (u_goal_action_1_3--q1--q3_121) [3.000] ; (114)
3.006: (u_goal_action_1_2--q1--q2_111) [4.000] ; (108)
7.007: (u_goal_action_4_2--q4--q2_111) [4.000] ; (118)
11.008: (u_goal_action_4_3--q4--q3_111) [3.000] ; (123)
